Hour:  0
Hour:  1
Hour:  2
Hour:  3
Hour:  4
Hour:  5
Hour:  6
Hour:  7
Hour:  8
Hour:  9
Hour:  10
Hour:  11
Hour:  12
Hour:  13
Hour:  14
Hour:  15
Hour:  16
Hour:  17
Hour:  18
Hour:  19
Hour:  20
Hour:  21
Hour:  22
Hour:  23
Hour:  0
Hour:  1
Hour:  2
Hour:  3
Hour:  4
Hour:  5
Hour:  6
Hour:  7
Hour:  8
Hour:  9
Hour:  10
Hour:  11
Hour:  12
Hour:  13
Hour:  14
Hour:  15
Hour:  16
Hour:  17
Hour:  18
Hour:  19
Hour:  20
Hour:  21
Hour:  22
Hour:  23
panic: Get https://api.luno.com/api/1/ticker?pair=ETHXBT: read tcp 172.31.47.193:51816->104.22.24.109:443: read: connection reset by peer

goroutine 1 [running]:
main.getTicker(0xc00014fe18, 0x2, 0x2, 0xa, 0x0, 0x0, 0x7989b0)
	/home/ubuntu/TradingHackathon/src/go/ticker/tickerInfo.go:32 +0xc8
main.main()
	/home/ubuntu/TradingHackathon/src/go/ticker/tickerInfo.go:73 +0x268
exit status 2
