2020/07/30 14:47:56 Bot started: ETHXBT
2020/07/30 14:47:56 Getting past asks: STARTED
2020/07/30 14:49:09 Getting past asks: COMPLETE
2020/07/30 14:49:14 Current Ask 0.029044
2020/07/30 14:49:14 RSI:  0.0000000000000000 U:  0.0000000000000000 D:  0.0000001989795917
2020/07/30 14:49:20 Current Ask 0.029041
2020/07/30 14:49:20 RSI:  0.0000000000000000 U:  0.0000000000000000 D:  0.0000003990524780
2020/07/30 14:49:25 Current Ask 0.029041
2020/07/30 14:49:25 RSI:  0.0000000000000000 U:  0.0000000000000000 D:  0.0000003705487295
2020/07/30 14:49:30 Current Ask 0.029041
2020/07/30 14:49:30 RSI:  0.0000000000000000 U:  0.0000000000000000 D:  0.0000003440809631
2020/07/30 14:49:35 Current Ask 0.029041
2020/07/30 14:49:35 RSI:  0.0000000000000000 U:  0.0000000000000000 D:  0.0000003195037514
2020/07/30 14:49:40 Current Ask 0.029041
2020/07/30 14:49:40 RSI:  0.0000000000000000 U:  0.0000000000000000 D:  0.0000002966820548
2020/07/30 14:49:45 Current Ask 0.029041
2020/07/30 14:49:45 RSI:  0.0000000000000000 U:  0.0000000000000000 D:  0.0000002754904794
2020/07/30 14:49:50 Current Ask 0.029041
2020/07/30 14:49:50 RSI:  0.0000000000000000 U:  0.0000000000000000 D:  0.0000002558125880
2020/07/30 14:49:56 Current Ask 0.029039
2020/07/30 14:49:56 RSI:  0.0000000000000000 U:  0.0000000000000000 D:  0.0000003803974031
2020/07/30 14:50:01 Current Ask 0.029039
2020/07/30 14:50:01 RSI:  0.0000000000000000 U:  0.0000000000000000 D:  0.0000003532261600
2020/07/30 14:50:06 Current Ask 0.029037
2020/07/30 14:50:06 RSI:  0.0000000000000000 U:  0.0000000000000000 D:  0.0000004708528628
2020/07/30 14:50:11 Current Ask 0.029037
2020/07/30 14:50:11 RSI:  0.0000000000000000 U:  0.0000000000000000 D:  0.0000004372205154
2020/07/30 14:50:16 Current Ask 0.029035
2020/07/30 14:50:16 RSI:  0.0000000000000000 U:  0.0000000000000000 D:  0.0000005488476214
2020/07/30 14:50:21 Current Ask 0.029035
2020/07/30 14:50:21 RSI:  0.0000000000000000 U:  0.0000000000000000 D:  0.0000005096442198
2020/07/30 14:50:27 Current Ask 0.029033
2020/07/30 14:50:27 RSI:  0.0000000000000000 U:  0.0000000000000000 D:  0.0000006160982041
2020/07/30 14:50:32 Current Ask 0.029031
2020/07/30 14:50:32 RSI:  0.0000000000000000 U:  0.0000000000000000 D:  0.0000007149483323
2020/07/30 14:50:37 Current Ask 0.02903
2020/07/30 14:50:37 RSI:  0.0000000000000000 U:  0.0000000000000000 D:  0.0000007353091657
2020/07/30 14:50:42 Current Ask 0.02903
2020/07/30 14:50:42 RSI:  0.0000000000000000 U:  0.0000000000000000 D:  0.0000006827870824
2020/07/30 14:50:47 Current Ask 0.029029
2020/07/30 14:50:47 RSI:  0.0000000000000000 U:  0.0000000000000000 D:  0.0000007054451479
2020/07/30 14:50:53 Current Ask 0.029028
2020/07/30 14:50:53 RSI:  0.0000000000000000 U:  0.0000000000000000 D:  0.0000007264847801
2020/07/30 14:50:58 Current Ask 0.029027
2020/07/30 14:50:58 RSI:  0.0000000000000000 U:  0.0000000000000000 D:  0.0000007460215815
2020/07/30 14:51:03 Current Ask 0.029026
2020/07/30 14:51:03 RSI:  0.0000000000000000 U:  0.0000000000000000 D:  0.0000007641628971
2020/07/30 14:51:08 Current Ask 0.029026
2020/07/30 14:51:08 RSI:  0.0000000000000000 U:  0.0000000000000000 D:  0.0000007095798330
2020/07/30 14:51:13 Current Ask 0.029024
2020/07/30 14:51:13 RSI:  0.0000000000000000 U:  0.0000000000000000 D:  0.0000008017527020
2020/07/30 14:51:18 Current Ask 0.029021
2020/07/30 14:51:18 RSI:  0.0000000000000000 U:  0.0000000000000000 D:  0.0000009587703661
2020/07/30 14:51:23 Current Ask 0.02902
2020/07/30 14:51:23 RSI:  0.0000000000000000 U:  0.0000000000000000 D:  0.0000009617153399
2020/07/30 14:51:29 Current Ask 0.02902
2020/07/30 14:51:29 RSI:  0.0000000000000000 U:  0.0000000000000000 D:  0.0000008930213870
2020/07/30 14:51:34 Current Ask 0.029019
2020/07/30 14:51:34 RSI:  0.0000000000000000 U:  0.0000000000000000 D:  0.0000009006627165
2020/07/30 14:51:39 Current Ask 0.02902
2020/07/30 14:51:39 RSI:  7.8686778607117164 U:  0.0000000714285714 D:  0.0000008363296653
2020/07/30 14:51:39 No previous order to cancel
2020/07/30 14:51:41 luno: API key not found (ErrAPIKeyNotFound)
2020/07/30 14:51:43 luno: API key not found (ErrAPIKeyNotFound)
2020/07/30 14:51:45 luno: API key not found (ErrAPIKeyNotFound)
2020/07/30 14:51:48 luno: API key not found (ErrAPIKeyNotFound)
2020/07/30 14:51:50 luno: API key not found (ErrAPIKeyNotFound)
2020/07/30 14:51:52 luno: API key not found (ErrAPIKeyNotFound)
2020/07/30 14:51:54 luno: API key not found (ErrAPIKeyNotFound)
2020/07/30 14:51:56 luno: API key not found (ErrAPIKeyNotFound)
2020/07/30 14:51:58 luno: API key not found (ErrAPIKeyNotFound)
2020/07/30 14:52:00 luno: API key not found (ErrAPIKeyNotFound)
2020/07/30 14:52:03 luno: API key not found (ErrAPIKeyNotFound)
2020/07/30 14:52:05 luno: API key not found (ErrAPIKeyNotFound)
2020/07/30 14:52:07 luno: API key not found (ErrAPIKeyNotFound)
2020/07/30 14:52:09 luno: API key not found (ErrAPIKeyNotFound)
2020/07/30 14:52:11 luno: API key not found (ErrAPIKeyNotFound)
2020/07/30 14:52:13 luno: API key not found (ErrAPIKeyNotFound)
2020/07/30 14:52:15 luno: API key not found (ErrAPIKeyNotFound)
2020/07/30 14:52:18 luno: API key not found (ErrAPIKeyNotFound)
2020/07/30 14:52:20 luno: API key not found (ErrAPIKeyNotFound)
2020/07/30 14:52:22 luno: API key not found (ErrAPIKeyNotFound)
2020/07/30 14:52:24 luno: API key not found (ErrAPIKeyNotFound)
2020/07/30 14:52:26 luno: API key not found (ErrAPIKeyNotFound)
2020/07/30 14:52:28 luno: API key not found (ErrAPIKeyNotFound)
2020/07/30 14:52:30 luno: API key not found (ErrAPIKeyNotFound)
2020/07/30 14:52:32 luno: API key not found (ErrAPIKeyNotFound)
2020/07/30 14:52:35 luno: API key not found (ErrAPIKeyNotFound)
2020/07/30 14:52:37 luno: API key not found (ErrAPIKeyNotFound)
2020/07/30 14:52:39 luno: API key not found (ErrAPIKeyNotFound)
2020/07/30 14:52:41 luno: API key not found (ErrAPIKeyNotFound)
2020/07/30 14:52:43 luno: API key not found (ErrAPIKeyNotFound)
2020/07/30 14:52:45 luno: API key not found (ErrAPIKeyNotFound)
2020/07/30 14:52:47 luno: API key not found (ErrAPIKeyNotFound)
2020/07/30 14:52:49 luno: API key not found (ErrAPIKeyNotFound)
2020/07/30 14:52:52 luno: API key not found (ErrAPIKeyNotFound)
2020/07/30 14:52:54 luno: API key not found (ErrAPIKeyNotFound)
2020/07/30 14:52:56 luno: API key not found (ErrAPIKeyNotFound)
2020/07/30 14:52:58 luno: API key not found (ErrAPIKeyNotFound)
2020/07/30 14:53:00 luno: API key not found (ErrAPIKeyNotFound)
2020/07/30 14:53:02 luno: API key not found (ErrAPIKeyNotFound)
2020/07/30 14:53:04 luno: API key not found (ErrAPIKeyNotFound)
2020/07/30 14:53:06 luno: API key not found (ErrAPIKeyNotFound)
2020/07/30 14:53:09 luno: API key not found (ErrAPIKeyNotFound)
2020/07/30 14:53:11 luno: API key not found (ErrAPIKeyNotFound)
2020/07/30 14:53:13 luno: API key not found (ErrAPIKeyNotFound)
